<?xml version="1.0" encoding="UTF-8"?>
<!-- Generated by org.testng.reporters.JUnitReportReporter -->
<testsuite name="automationFramework.TestNG" tests="1" time="33.358" ignored="0" failures="0" timestamp="17 Feb 2017 00:08:01 GMT" skipped="0" hostname="Dell" errors="0">
  <testcase name="main" time="33.358" classname="automationFramework.TestNG"/>
</testsuite> <!-- automationFramework.TestNG -->
