<?xml version="1.0" encoding="UTF-8"?>
<!-- Generated by org.testng.reporters.JUnitReportReporter -->
<testsuite name="com.TestNG.TimeDate" tests="1" time="4.552" ignored="0" failures="0" timestamp="20 Mar 2017 02:42:43 GMT" skipped="0" hostname="Dell" errors="0">
  <testcase name="webtableTest" time="4.552" classname="com.TestNG.TimeDate"/>
</testsuite> <!-- com.TestNG.TimeDate -->
