<?xml version="1.0" encoding="UTF-8"?>
<!-- Generated by org.testng.reporters.JUnitReportReporter -->
<testsuite name="com.TestNG.Mousehover" tests="1" time="11.189" ignored="0" failures="0" timestamp="22 Mar 2017 16:01:29 GMT" skipped="0" hostname="Dell" errors="0">
  <testcase name="setUp" time="11.189" classname="com.TestNG.Mousehover"/>
</testsuite> <!-- com.TestNG.Mousehover -->
