<?xml version="1.0" encoding="UTF-8"?>
<!-- Generated by org.testng.reporters.JUnitReportReporter -->
<testsuite name="com.TestNG.Datenotification" tests="1" time="3.574" ignored="0" failures="0" timestamp="21 Mar 2017 02:21:12 GMT" skipped="0" hostname="Dell" errors="0">
  <testcase name="calanderTest" time="3.574" classname="com.TestNG.Datenotification"/>
</testsuite> <!-- com.TestNG.Datenotification -->
